0 info it worked if it ends with ok
1 verbose cli [ 'C:\\Program Files\\nodejs\\\\node.exe',
1 verbose cli   'C:\\Program Files\\nodejs\\node_modules\\npm\\bin\\npm-cli.js',
1 verbose cli   'install',
1 verbose cli   'redis-server' ]
2 info using npm@1.2.18
3 info using node@v0.10.4
4 verbose node symlink C:\Program Files\nodejs\\node.exe
5 verbose read json C:\Users\waiszela\Documents\GitHub\renewable-energy\energy\package.json
6 verbose read json C:\Users\waiszela\Documents\GitHub\renewable-energy\energy\node_modules\lazy\package.json
7 verbose read json C:\Users\waiszela\Documents\GitHub\renewable-energy\energy\node_modules\mime\package.json
8 verbose read json C:\Users\waiszela\Documents\GitHub\renewable-energy\energy\node_modules\redis\package.json
9 verbose read json C:\Users\waiszela\Documents\GitHub\renewable-energy\energy\node_modules\socket.io\package.json
10 verbose read json C:\Users\waiszela\Documents\GitHub\renewable-energy\energy\package.json
11 verbose cache add [ 'redis-server', null ]
12 verbose cache add name=undefined spec="redis-server" args=["redis-server",null]
13 verbose parsed url { protocol: null,
13 verbose parsed url   slashes: null,
13 verbose parsed url   auth: null,
13 verbose parsed url   host: null,
13 verbose parsed url   port: null,
13 verbose parsed url   hostname: null,
13 verbose parsed url   hash: null,
13 verbose parsed url   search: null,
13 verbose parsed url   query: null,
13 verbose parsed url   pathname: 'redis-server',
13 verbose parsed url   path: 'redis-server',
13 verbose parsed url   href: 'redis-server' }
14 silly lockFile 85ee20ab-redis-server redis-server
15 verbose lock redis-server C:\Users\waiszela\AppData\Roaming\npm-cache\85ee20ab-redis-server.lock
16 silly lockFile 85ee20ab-redis-server redis-server
17 silly lockFile 85ee20ab-redis-server redis-server
18 verbose addNamed [ 'redis-server', '' ]
19 verbose addNamed [ null, '' ]
20 silly lockFile fcb94d2a-redis-server redis-server@
21 verbose lock redis-server@ C:\Users\waiszela\AppData\Roaming\npm-cache\fcb94d2a-redis-server.lock
22 silly addNameRange { name: 'redis-server', range: '', hasData: false }
23 verbose url raw redis-server
24 verbose url resolving [ 'https://registry.npmjs.org/', './redis-server' ]
25 verbose url resolved https://registry.npmjs.org/redis-server
26 info trying registry request attempt 1 at 11:06:14
27 http GET https://registry.npmjs.org/redis-server
28 http 404 https://registry.npmjs.org/redis-server
29 silly registry.get cb [ 404,
29 silly registry.get   { server: 'CouchDB/1.3.0 (Erlang OTP/R15B03)',
29 silly registry.get     date: 'Sun, 21 Apr 2013 15:06:16 GMT',
29 silly registry.get     'content-type': 'application/json',
29 silly registry.get     'content-length': '52',
29 silly registry.get     'cache-control': 'must-revalidate' } ]
30 silly lockFile fcb94d2a-redis-server redis-server@
31 silly lockFile fcb94d2a-redis-server redis-server@
32 error 404 'redis-server' is not in the npm registry.
32 error 404 You should bug the author to publish it
32 error 404
32 error 404 Note that you can also install from a
32 error 404 tarball, folder, or http url, or git url.
33 error System Windows_NT 6.1.7601
34 error command "C:\\Program Files\\nodejs\\\\node.exe" "C:\\Program Files\\nodejs\\node_modules\\npm\\bin\\npm-cli.js" "install" "redis-server"
35 error cwd C:\Users\waiszela\Documents\GitHub\renewable-energy\energy
36 error node -v v0.10.4
37 error npm -v 1.2.18
38 error code E404
39 verbose exit [ 1, true ]
